<?xml version="1.0" encoding="UTF-8"?>

<!--
    Document   : test-context.xml
    Created on : 4 dÃ©cembre 2011, 21:25
    Author     : MSOMDA
    Description:
        Purpose of the document follows.
-->

<beans xmlns="http://www.springframework.org/schema/beans" 
       xmlns:xsi="http://www.w3.org/2001/XMLSchema-instance"
       xsi:schemaLocation="http://www.springframework.org/schema/beans 
           http://www.springframework.org/schema/beans/spring-beans-3.0.xsd">

</beans>
