<?xml version="1.0" encoding="UTF-8" ?>
<testsuite failures="0" time="2.468" errors="0" skipped="0" tests="1" name="org.coders4africa.elimu.model.dao.AddressDAOTest">
  <properties>
    <property name="java.runtime.name" value="Java(TM) SE Runtime Environment"/>
    <property name="sun.boot.library.path" value="C:\Program Files\Java\jdk1.6.0_23\jre\bin"/>
    <property name="java.vm.version" value="19.0-b09"/>
    <property name="java.vm.vendor" value="Sun Microsystems Inc."/>
    <property name="java.vendor.url" value="http://java.sun.com/"/>
    <property name="path.separator" value=";"/>
    <property name="java.vm.name" value="Java HotSpot(TM) Client VM"/>
    <property name="file.encoding.pkg" value="sun.io"/>
    <property name="user.country" value="FR"/>
    <property name="sun.java.launcher" value="SUN_STANDARD"/>
    <property name="sun.os.patch.level" value="Service Pack 3"/>
    <property name="java.vm.specification.name" value="Java Virtual Machine Specification"/>
    <property name="user.dir" value="D:\appli\Elimu\nbprojects\elimusys\elimu-entities"/>
    <property name="java.runtime.version" value="1.6.0_23-b05"/>
    <property name="java.awt.graphicsenv" value="sun.awt.Win32GraphicsEnvironment"/>
    <property name="basedir" value="D:\appli\Elimu\nbprojects\elimusys\elimu-entities"/>
    <property name="java.endorsed.dirs" value="C:\Program Files\Java\jdk1.6.0_23\jre\lib\endorsed"/>
    <property name="os.arch" value="x86"/>
    <property name="surefire.real.class.path" value="D:\appli\Elimu\nbprojects\elimusys\elimu-entities\target\surefire\surefirebooter4018256733035534812.jar"/>
    <property name="java.io.tmpdir" value="C:\Temp\"/>
    <property name="line.separator" value="
"/>
    <property name="java.vm.specification.vendor" value="Sun Microsystems Inc."/>
    <property name="user.variant" value=""/>
    <property name="os.name" value="Windows XP"/>
    <property name="sun.jnu.encoding" value="Cp1252"/>
    <property name="java.library.path" value="C:\Program Files\Java\jdk1.6.0_23\jre\bin;.;C:\WINDOWS\Sun\Java\bin;C:\WINDOWS\system32;C:\WINDOWS;C:\Program Files\JavaFX\javafx-sdk1.3\bin;C:\Program Files\JavaFX\javafx-sdk1.3\emulator\bin;D:\Perl\site\bin;D:\Perl\bin;D:\Oracle\product\11.1.0\client_1\bin;C:\Program Files\PHP\;C:\WINDOWS\system32;C:\WINDOWS;C:\WINDOWS\System32\Wbem;C:\Program Files\Fichiers communs\Lenovo;C:\Program Files\Fichiers communs\Roxio Shared\10.0\DLLShared\;C:\Program Files\Fichiers communs\Roxio Shared\DLLShared\;C:\Program Files\Fichiers communs\Roxio Shared\DLLShared\;C:\Program Files\Fichiers communs\Roxio Shared\10.0\DLLShared\;C:\Program Files\ThinkPad\ConnectUtilities;C:\Program Files\Intel\WiFi\bin\;C:\Program Files\Windows Imaging\;D:\apache-maven-2.1.0\bin;D:\bea\jdk150_11\bin;C:\Program Files\Microsoft SQL Server\90\Tools\binn\;C:\Program Files\TortoiseSVN\bin;D:\dev\play-1.2.3"/>
    <property name="surefire.test.class.path" value="D:\appli\Elimu\nbprojects\elimusys\elimu-entities\target\test-classes;D:\appli\Elimu\nbprojects\elimusys\elimu-entities\target\classes;D:\appli\Elimu\nbprojects\elimusys\elimu-test\target\elimu-test-1.0-SNAPSHOT.jar;D:\Documents and Settings\MSOMdA\.m2\repository\junit\junit\4.10\junit-4.10.jar;D:\Documents and Settings\MSOMdA\.m2\repository\org\hamcrest\hamcrest-core\1.1\hamcrest-core-1.1.jar;D:\Documents and Settings\MSOMdA\.m2\repository\org\springframework\spring-test\3.0.6.RELEASE\spring-test-3.0.6.RELEASE.jar;D:\appli\Elimu\nbprojects\elimusys\elimu-spring\target\elimu-spring-1.0-SNAPSHOT.jar;D:\Documents and Settings\MSOMdA\.m2\repository\org\springframework\spring-core\3.0.6.RELEASE\spring-core-3.0.6.RELEASE.jar;D:\Documents and Settings\MSOMdA\.m2\repository\org\springframework\spring-asm\3.0.6.RELEASE\spring-asm-3.0.6.RELEASE.jar;D:\Documents and Settings\MSOMdA\.m2\repository\commons-logging\commons-logging\1.1.1\commons-logging-1.1.1.jar;D:\Documents and Settings\MSOMdA\.m2\repository\org\springframework\spring-context\3.0.6.RELEASE\spring-context-3.0.6.RELEASE.jar;D:\Documents and Settings\MSOMdA\.m2\repository\org\springframework\spring-aop\3.0.6.RELEASE\spring-aop-3.0.6.RELEASE.jar;D:\Documents and Settings\MSOMdA\.m2\repository\org\springframework\spring-expression\3.0.6.RELEASE\spring-expression-3.0.6.RELEASE.jar;D:\Documents and Settings\MSOMdA\.m2\repository\org\springframework\spring-beans\3.0.6.RELEASE\spring-beans-3.0.6.RELEASE.jar;D:\Documents and Settings\MSOMdA\.m2\repository\org\springframework\spring-tx\3.0.6.RELEASE\spring-tx-3.0.6.RELEASE.jar;D:\Documents and Settings\MSOMdA\.m2\repository\aopalliance\aopalliance\1.0\aopalliance-1.0.jar;D:\Documents and Settings\MSOMdA\.m2\repository\org\springframework\spring-jdbc\3.0.6.RELEASE\spring-jdbc-3.0.6.RELEASE.jar;D:\Documents and Settings\MSOMdA\.m2\repository\org\springframework\spring-orm\3.0.6.RELEASE\spring-orm-3.0.6.RELEASE.jar;D:\Documents and Settings\MSOMdA\.m2\repository\org\hibernate\javax\persistence\hibernate-jpa-2.0-api\1.0.1.Final\hibernate-jpa-2.0-api-1.0.1.Final.jar;D:\Documents and Settings\MSOMdA\.m2\repository\org\hibernate\hibernate-entitymanager\3.6.8.Final\hibernate-entitymanager-3.6.8.Final.jar;D:\Documents and Settings\MSOMdA\.m2\repository\org\hibernate\hibernate-core\3.6.8.Final\hibernate-core-3.6.8.Final.jar;D:\Documents and Settings\MSOMdA\.m2\repository\antlr\antlr\2.7.6\antlr-2.7.6.jar;D:\Documents and Settings\MSOMdA\.m2\repository\commons-collections\commons-collections\3.1\commons-collections-3.1.jar;D:\Documents and Settings\MSOMdA\.m2\repository\dom4j\dom4j\1.6.1\dom4j-1.6.1.jar;D:\Documents and Settings\MSOMdA\.m2\repository\org\hibernate\hibernate-commons-annotations\3.2.0.Final\hibernate-commons-annotations-3.2.0.Final.jar;D:\Documents and Settings\MSOMdA\.m2\repository\javax\transaction\jta\1.1\jta-1.1.jar;D:\Documents and Settings\MSOMdA\.m2\repository\cglib\cglib\2.2\cglib-2.2.jar;D:\Documents and Settings\MSOMdA\.m2\repository\asm\asm\3.1\asm-3.1.jar;D:\Documents and Settings\MSOMdA\.m2\repository\javassist\javassist\3.12.0.GA\javassist-3.12.0.GA.jar;D:\Documents and Settings\MSOMdA\.m2\repository\org\slf4j\slf4j-api\1.6.1\slf4j-api-1.6.1.jar;D:\Documents and Settings\MSOMdA\.m2\repository\org\hibernate\hibernate-validator\4.2.0.Final\hibernate-validator-4.2.0.Final.jar;D:\Documents and Settings\MSOMdA\.m2\repository\javax\validation\validation-api\1.0.0.GA\validation-api-1.0.0.GA.jar;D:\Documents and Settings\MSOMdA\.m2\repository\javax\javaee-api\6.0\javaee-api-6.0.jar;D:\Documents and Settings\MSOMdA\.m2\repository\mysql\mysql-connector-java\5.1.18\mysql-connector-java-5.1.18.jar;"/>
    <property name="java.specification.name" value="Java Platform API Specification"/>
    <property name="java.class.version" value="50.0"/>
    <property name="sun.management.compiler" value="HotSpot Client Compiler"/>
    <property name="os.version" value="5.1"/>
    <property name="user.home" value="D:\Documents and Settings\MSOMdA"/>
    <property name="user.timezone" value="Europe/Paris"/>
    <property name="java.awt.printerjob" value="sun.awt.windows.WPrinterJob"/>
    <property name="java.specification.version" value="1.6"/>
    <property name="file.encoding" value="Cp1252"/>
    <property name="user.name" value="MSOMDA"/>
    <property name="java.class.path" value="D:\appli\Elimu\nbprojects\elimusys\elimu-entities\target\test-classes;D:\appli\Elimu\nbprojects\elimusys\elimu-entities\target\classes;D:\appli\Elimu\nbprojects\elimusys\elimu-test\target\elimu-test-1.0-SNAPSHOT.jar;D:\Documents and Settings\MSOMdA\.m2\repository\junit\junit\4.10\junit-4.10.jar;D:\Documents and Settings\MSOMdA\.m2\repository\org\hamcrest\hamcrest-core\1.1\hamcrest-core-1.1.jar;D:\Documents and Settings\MSOMdA\.m2\repository\org\springframework\spring-test\3.0.6.RELEASE\spring-test-3.0.6.RELEASE.jar;D:\appli\Elimu\nbprojects\elimusys\elimu-spring\target\elimu-spring-1.0-SNAPSHOT.jar;D:\Documents and Settings\MSOMdA\.m2\repository\org\springframework\spring-core\3.0.6.RELEASE\spring-core-3.0.6.RELEASE.jar;D:\Documents and Settings\MSOMdA\.m2\repository\org\springframework\spring-asm\3.0.6.RELEASE\spring-asm-3.0.6.RELEASE.jar;D:\Documents and Settings\MSOMdA\.m2\repository\commons-logging\commons-logging\1.1.1\commons-logging-1.1.1.jar;D:\Documents and Settings\MSOMdA\.m2\repository\org\springframework\spring-context\3.0.6.RELEASE\spring-context-3.0.6.RELEASE.jar;D:\Documents and Settings\MSOMdA\.m2\repository\org\springframework\spring-aop\3.0.6.RELEASE\spring-aop-3.0.6.RELEASE.jar;D:\Documents and Settings\MSOMdA\.m2\repository\org\springframework\spring-expression\3.0.6.RELEASE\spring-expression-3.0.6.RELEASE.jar;D:\Documents and Settings\MSOMdA\.m2\repository\org\springframework\spring-beans\3.0.6.RELEASE\spring-beans-3.0.6.RELEASE.jar;D:\Documents and Settings\MSOMdA\.m2\repository\org\springframework\spring-tx\3.0.6.RELEASE\spring-tx-3.0.6.RELEASE.jar;D:\Documents and Settings\MSOMdA\.m2\repository\aopalliance\aopalliance\1.0\aopalliance-1.0.jar;D:\Documents and Settings\MSOMdA\.m2\repository\org\springframework\spring-jdbc\3.0.6.RELEASE\spring-jdbc-3.0.6.RELEASE.jar;D:\Documents and Settings\MSOMdA\.m2\repository\org\springframework\spring-orm\3.0.6.RELEASE\spring-orm-3.0.6.RELEASE.jar;D:\Documents and Settings\MSOMdA\.m2\repository\org\hibernate\javax\persistence\hibernate-jpa-2.0-api\1.0.1.Final\hibernate-jpa-2.0-api-1.0.1.Final.jar;D:\Documents and Settings\MSOMdA\.m2\repository\org\hibernate\hibernate-entitymanager\3.6.8.Final\hibernate-entitymanager-3.6.8.Final.jar;D:\Documents and Settings\MSOMdA\.m2\repository\org\hibernate\hibernate-core\3.6.8.Final\hibernate-core-3.6.8.Final.jar;D:\Documents and Settings\MSOMdA\.m2\repository\antlr\antlr\2.7.6\antlr-2.7.6.jar;D:\Documents and Settings\MSOMdA\.m2\repository\commons-collections\commons-collections\3.1\commons-collections-3.1.jar;D:\Documents and Settings\MSOMdA\.m2\repository\dom4j\dom4j\1.6.1\dom4j-1.6.1.jar;D:\Documents and Settings\MSOMdA\.m2\repository\org\hibernate\hibernate-commons-annotations\3.2.0.Final\hibernate-commons-annotations-3.2.0.Final.jar;D:\Documents and Settings\MSOMdA\.m2\repository\javax\transaction\jta\1.1\jta-1.1.jar;D:\Documents and Settings\MSOMdA\.m2\repository\cglib\cglib\2.2\cglib-2.2.jar;D:\Documents and Settings\MSOMdA\.m2\repository\asm\asm\3.1\asm-3.1.jar;D:\Documents and Settings\MSOMdA\.m2\repository\javassist\javassist\3.12.0.GA\javassist-3.12.0.GA.jar;D:\Documents and Settings\MSOMdA\.m2\repository\org\slf4j\slf4j-api\1.6.1\slf4j-api-1.6.1.jar;D:\Documents and Settings\MSOMdA\.m2\repository\org\hibernate\hibernate-validator\4.2.0.Final\hibernate-validator-4.2.0.Final.jar;D:\Documents and Settings\MSOMdA\.m2\repository\javax\validation\validation-api\1.0.0.GA\validation-api-1.0.0.GA.jar;D:\Documents and Settings\MSOMdA\.m2\repository\javax\javaee-api\6.0\javaee-api-6.0.jar;D:\Documents and Settings\MSOMdA\.m2\repository\mysql\mysql-connector-java\5.1.18\mysql-connector-java-5.1.18.jar;"/>
    <property name="java.vm.specification.version" value="1.0"/>
    <property name="sun.arch.data.model" value="32"/>
    <property name="java.home" value="C:\Program Files\Java\jdk1.6.0_23\jre"/>
    <property name="java.specification.vendor" value="Sun Microsystems Inc."/>
    <property name="user.language" value="fr"/>
    <property name="awt.toolkit" value="sun.awt.windows.WToolkit"/>
    <property name="java.vm.info" value="mixed mode, sharing"/>
    <property name="java.version" value="1.6.0_23"/>
    <property name="java.ext.dirs" value="C:\Program Files\Java\jdk1.6.0_23\jre\lib\ext;C:\WINDOWS\Sun\Java\lib\ext"/>
    <property name="sun.boot.class.path" value="C:\Program Files\Java\jdk1.6.0_23\jre\lib\resources.jar;C:\Program Files\Java\jdk1.6.0_23\jre\lib\rt.jar;C:\Program Files\Java\jdk1.6.0_23\jre\lib\sunrsasign.jar;C:\Program Files\Java\jdk1.6.0_23\jre\lib\jsse.jar;C:\Program Files\Java\jdk1.6.0_23\jre\lib\jce.jar;C:\Program Files\Java\jdk1.6.0_23\jre\lib\charsets.jar;C:\Program Files\Java\jdk1.6.0_23\jre\lib\modules\jdk.boot.jar;C:\Program Files\Java\jdk1.6.0_23\jre\classes"/>
    <property name="java.vendor" value="Sun Microsystems Inc."/>
    <property name="localRepository" value="D:\Documents and Settings\MSOMdA\.m2\repository"/>
    <property name="file.separator" value="\"/>
    <property name="java.vendor.url.bug" value="http://java.sun.com/cgi-bin/bugreport.cgi"/>
    <property name="sun.cpu.endian" value="little"/>
    <property name="sun.io.unicode.encoding" value="UnicodeLittle"/>
    <property name="sun.desktop" value="windows"/>
    <property name="sun.cpu.isalist" value="pentium_pro+mmx pentium_pro pentium+mmx pentium i486 i386 i86"/>
  </properties>
  <testcase time="2.328" classname="org.coders4africa.elimu.model.dao.AddressDAOTest" name="testCreate"/>
</testsuite>